<?xml version="1.0" encoding="UTF-8"?>
<testng-results ignored="0" total="3" passed="3" failed="0" skipped="0">
  <reporter-output>
  </reporter-output>
  <suite started-at="2024-08-12T16:17:02 IST" name="somu" finished-at="2024-08-12T16:18:37 IST" duration-ms="94642">
    <groups>
    </groups>
    <test started-at="2024-08-12T16:17:02 IST" name="chrometest" finished-at="2024-08-12T16:17:35 IST" duration-ms="32415">
      <class name="Assingement.Test123">
        <test-method is-config="true" signature="setup(java.lang.String)[pri:0, instance:Assingement.Test123@63a12c68]" started-at="2024-08-12T16:17:02 IST" name="setup" finished-at="2024-08-12T16:17:15 IST" duration-ms="12867" status="PASS">
          <params>
            <param index="0">
              <value>
                <![CDATA[chrome]]>
              </value>
            </param>
          </params>
          <reporter-output>
          </reporter-output>
        </test-method> <!-- setup -->
        <test-method signature="startTest()[pri:0, instance:Assingement.Test123@63a12c68]" started-at="2024-08-12T16:17:15 IST" name="startTest" finished-at="2024-08-12T16:17:34 IST" duration-ms="18657" status="PASS">
          <reporter-output>
          </reporter-output>
        </test-method> <!-- startTest -->
        <test-method is-config="true" signature="tearDown()[pri:0, instance:Assingement.Test123@63a12c68]" started-at="2024-08-12T16:17:34 IST" name="tearDown" finished-at="2024-08-12T16:17:35 IST" duration-ms="855" status="PASS">
          <reporter-output>
          </reporter-output>
        </test-method> <!-- tearDown -->
      </class> <!-- Assingement.Test123 -->
    </test> <!-- chrometest -->
    <test started-at="2024-08-12T16:17:35 IST" name="firebox" finished-at="2024-08-12T16:18:07 IST" duration-ms="32404">
      <class name="Assingement.Test123">
        <test-method is-config="true" signature="setup(java.lang.String)[pri:0, instance:Assingement.Test123@58d75e99]" started-at="2024-08-12T16:17:35 IST" name="setup" finished-at="2024-08-12T16:17:47 IST" duration-ms="12084" status="PASS">
          <params>
            <param index="0">
              <value>
                <![CDATA[firebox]]>
              </value>
            </param>
          </params>
          <reporter-output>
          </reporter-output>
        </test-method> <!-- setup -->
        <test-method signature="startTest()[pri:0, instance:Assingement.Test123@58d75e99]" started-at="2024-08-12T16:17:47 IST" name="startTest" finished-at="2024-08-12T16:18:06 IST" duration-ms="19059" status="PASS">
          <reporter-output>
          </reporter-output>
        </test-method> <!-- startTest -->
        <test-method is-config="true" signature="tearDown()[pri:0, instance:Assingement.Test123@58d75e99]" started-at="2024-08-12T16:18:06 IST" name="tearDown" finished-at="2024-08-12T16:18:07 IST" duration-ms="1251" status="PASS">
          <reporter-output>
          </reporter-output>
        </test-method> <!-- tearDown -->
      </class> <!-- Assingement.Test123 -->
    </test> <!-- firebox -->
    <test started-at="2024-08-12T16:18:07 IST" name="edgedriver" finished-at="2024-08-12T16:18:37 IST" duration-ms="29712">
      <class name="Assingement.Test123">
        <test-method is-config="true" signature="setup(java.lang.String)[pri:0, instance:Assingement.Test123@6fd83fc1]" started-at="2024-08-12T16:18:07 IST" name="setup" finished-at="2024-08-12T16:18:19 IST" duration-ms="11945" status="PASS">
          <params>
            <param index="0">
              <value>
                <![CDATA[edge]]>
              </value>
            </param>
          </params>
          <reporter-output>
          </reporter-output>
        </test-method> <!-- setup -->
        <test-method signature="startTest()[pri:0, instance:Assingement.Test123@6fd83fc1]" started-at="2024-08-12T16:18:19 IST" name="startTest" finished-at="2024-08-12T16:18:36 IST" duration-ms="16331" status="PASS">
          <reporter-output>
          </reporter-output>
        </test-method> <!-- startTest -->
        <test-method is-config="true" signature="tearDown()[pri:0, instance:Assingement.Test123@6fd83fc1]" started-at="2024-08-12T16:18:36 IST" name="tearDown" finished-at="2024-08-12T16:18:37 IST" duration-ms="1434" status="PASS">
          <reporter-output>
          </reporter-output>
        </test-method> <!-- tearDown -->
      </class> <!-- Assingement.Test123 -->
    </test> <!-- edgedriver -->
  </suite> <!-- somu -->
</testng-results>
